sprites/E-Tele1.spr

sprites/Eexplo.spr

sprites/Fexplo.spr

sprites/Fexplo1.spr

sprites/Stmbal1.spr

sprites/XFFloor.spr

sprites/XFlare1.spr

sprites/XFlare3.spr

sprites/XSmoke4.spr

sprites/XSpark4.spr

sprites/XSsmke1.spr

sprites/Xsmoke1.spr

sprites/Xssmke1.spr

sprites/agrunt1.spr

sprites/b-tele1.spr

sprites/ballsmoke.spr

sprites/blast.spr

sprites/blueflare1.spr

sprites/cexplo.spr

sprites/dexplo.spr

sprites/e-tele1.spr

sprites/eexplo.spr

sprites/enter1.spr

sprites/exit1.spr

sprites/explode1.spr

sprites/fexplo.spr

sprites/fexplo1.spr

sprites/flare1.spr

sprites/flare3.spr

sprites/flare6.spr

sprites/gexplo.spr

sprites/glow01.spr

sprites/glow02.spr

sprites/glow03.spr

sprites/glow04.spr

sprites/hotglow.spr

sprites/moths.spr

sprites/mushroom.spr

sprites/muz8.spr

sprites/muzzleflash2.spr

sprites/portal1.spr

sprites/rjet1.spr

sprites/sdrip1.spr

sprites/steam1.spr

sprites/stmbal1.spr

sprites/tele1.spr

sprites/wsplash3.spr

sprites/xffloor.spr

sprites/xflare2.spr

sprites/xsmoke4.spr

sprites/xspark2.spr

sprites/zerogxplode.spr

